{"/workspaces/portfolio-website/frontend/src/components/About.tsx": {"path":"/workspaces/portfolio-website/frontend/src/components/About.tsx","statementMap":{"0":{"start":{"line":1,"column":28},"end":{"line":93,"column":null}},"1":{"start":{"line":2,"column":2},"end":{"line":91,"column":null}},"2":{"start":{"line":71,"column":14},"end":{"line":80,"column":null}}},"fnMap":{"0":{"name":"(anonymous_0)","decl":{"start":{"line":1,"column":28},"end":{"line":1,"column":34}},"loc":{"start":{"line":1,"column":34},"end":{"line":93,"column":null}},"line":1},"1":{"name":"(anonymous_1)","decl":{"start":{"line":70,"column":18},"end":{"line":70,"column":19}},"loc":{"start":{"line":71,"column":14},"end":{"line":80,"column":null}},"line":71}},"branchMap":{},"s":{"0":2,"1":15,"2":165},"f":{"0":15,"1":165},"b":{},"meta":{"lastBranch":0,"lastFunction":2,"lastStatement":3,"seen":{"s:1:28:93:Infinity":0,"f:1:28:1:34":0,"s:2:2:91:Infinity":1,"f:70:18:70:19":1,"s:71:14:80:Infinity":2}}}
,"/workspaces/portfolio-website/frontend/src/components/Contact.tsx": {"path":"/workspaces/portfolio-website/frontend/src/components/Contact.tsx","statementMap":{"0":{"start":{"line":8,"column":30},"end":{"line":248,"column":null}},"1":{"start":{"line":9,"column":38},"end":{"line":9,"column":null}},"2":{"start":{"line":11,"column":23},"end":{"line":71,"column":null}},"3":{"start":{"line":12,"column":4},"end":{"line":12,"column":null}},"4":{"start":{"line":13,"column":4},"end":{"line":13,"column":null}},"5":{"start":{"line":15,"column":4},"end":{"line":70,"column":null}},"6":{"start":{"line":16,"column":23},"end":{"line":16,"column":null}},"7":{"start":{"line":17,"column":19},"end":{"line":21,"column":null}},"8":{"start":{"line":24,"column":6},"end":{"line":28,"column":null}},"9":{"start":{"line":25,"column":8},"end":{"line":25,"column":null}},"10":{"start":{"line":26,"column":8},"end":{"line":26,"column":null}},"11":{"start":{"line":27,"column":8},"end":{"line":27,"column":null}},"12":{"start":{"line":31,"column":6},"end":{"line":42,"column":null}},"13":{"start":{"line":32,"column":8},"end":{"line":39,"column":null}},"14":{"start":{"line":40,"column":8},"end":{"line":40,"column":null}},"15":{"start":{"line":41,"column":8},"end":{"line":41,"column":null}},"16":{"start":{"line":45,"column":6},"end":{"line":45,"column":null}},"17":{"start":{"line":48,"column":6},"end":{"line":55,"column":null}},"18":{"start":{"line":58,"column":7},"end":{"line":58,"column":null}},"19":{"start":{"line":61,"column":8},"end":{"line":61,"column":null}},"20":{"start":{"line":63,"column":6},"end":{"line":65,"column":null}},"21":{"start":{"line":67,"column":6},"end":{"line":67,"column":null}},"22":{"start":{"line":69,"column":6},"end":{"line":69,"column":null}},"23":{"start":{"line":72,"column":2},"end":{"line":246,"column":null}}},"fnMap":{"0":{"name":"(anonymous_0)","decl":{"start":{"line":8,"column":30},"end":{"line":8,"column":36}},"loc":{"start":{"line":8,"column":36},"end":{"line":248,"column":null}},"line":8},"1":{"name":"(anonymous_1)","decl":{"start":{"line":11,"column":23},"end":{"line":11,"column":30}},"loc":{"start":{"line":11,"column":70},"end":{"line":71,"column":null}},"line":11}},"branchMap":{"0":{"loc":{"start":{"line":24,"column":6},"end":{"line":28,"column":null}},"type":"if","locations":[{"start":{"line":24,"column":6},"end":{"line":28,"column":null}},{"start":{},"end":{}}],"line":24},"1":{"loc":{"start":{"line":24,"column":10},"end":{"line":24,"column":54}},"type":"binary-expr","locations":[{"start":{"line":24,"column":10},"end":{"line":24,"column":24}},{"start":{"line":24,"column":24},"end":{"line":24,"column":39}},{"start":{"line":24,"column":39},"end":{"line":24,"column":54}}],"line":24},"2":{"loc":{"start":{"line":31,"column":6},"end":{"line":42,"column":null}},"type":"if","locations":[{"start":{"line":31,"column":6},"end":{"line":42,"column":null}},{"start":{},"end":{}}],"line":31},"3":{"loc":{"start":{"line":61,"column":8},"end":{"line":61,"column":null}},"type":"cond-expr","locations":[{"start":{"line":61,"column":33},"end":{"line":61,"column":49}},{"start":{"line":61,"column":49},"end":{"line":61,"column":null}}],"line":61},"4":{"loc":{"start":{"line":239,"column":17},"end":{"line":239,"column":null}},"type":"cond-expr","locations":[{"start":{"line":239,"column":32},"end":{"line":239,"column":47}},{"start":{"line":239,"column":47},"end":{"line":239,"column":null}}],"line":239}},"s":{"0":2,"1":23,"2":23,"3":4,"4":4,"5":4,"6":4,"7":4,"8":4,"9":0,"10":0,"11":0,"12":4,"13":0,"14":0,"15":0,"16":4,"17":3,"18":3,"19":1,"20":1,"21":1,"22":4,"23":23},"f":{"0":23,"1":4},"b":{"0":[0,4],"1":[4,4,4],"2":[0,4],"3":[1,0],"4":[4,19]},"meta":{"lastBranch":5,"lastFunction":2,"lastStatement":24,"seen":{"s:8:30:248:Infinity":0,"f:8:30:8:36":0,"s:9:38:9:Infinity":1,"s:11:23:71:Infinity":2,"f:11:23:11:30":1,"s:12:4:12:Infinity":3,"s:13:4:13:Infinity":4,"s:15:4:70:Infinity":5,"s:16:23:16:Infinity":6,"s:17:19:21:Infinity":7,"b:24:6:28:Infinity:undefined:undefined:undefined:undefined":0,"s:24:6:28:Infinity":8,"b:24:10:24:24:24:24:24:39:24:39:24:54":1,"s:25:8:25:Infinity":9,"s:26:8:26:Infinity":10,"s:27:8:27:Infinity":11,"b:31:6:42:Infinity:undefined:undefined:undefined:undefined":2,"s:31:6:42:Infinity":12,"s:32:8:39:Infinity":13,"s:40:8:40:Infinity":14,"s:41:8:41:Infinity":15,"s:45:6:45:Infinity":16,"s:48:6:55:Infinity":17,"s:58:7:58:Infinity":18,"s:61:8:61:Infinity":19,"b:61:33:61:49:61:49:61:Infinity":3,"s:63:6:65:Infinity":20,"s:67:6:67:Infinity":21,"s:69:6:69:Infinity":22,"s:72:2:246:Infinity":23,"b:239:32:239:47:239:47:239:Infinity":4}}}
,"/workspaces/portfolio-website/frontend/src/components/Expertise.tsx": {"path":"/workspaces/portfolio-website/frontend/src/components/Expertise.tsx","statementMap":{"0":{"start":{"line":5,"column":23},"end":{"line":76,"column":null}},"1":{"start":{"line":78,"column":32},"end":{"line":128,"column":null}},"2":{"start":{"line":79,"column":2},"end":{"line":126,"column":null}},"3":{"start":{"line":88,"column":12},"end":{"line":116,"column":null}},"4":{"start":{"line":110,"column":18},"end":{"line":113,"column":null}}},"fnMap":{"0":{"name":"(anonymous_0)","decl":{"start":{"line":78,"column":32},"end":{"line":78,"column":38}},"loc":{"start":{"line":78,"column":38},"end":{"line":128,"column":null}},"line":78},"1":{"name":"(anonymous_1)","decl":{"start":{"line":87,"column":30},"end":{"line":87,"column":31}},"loc":{"start":{"line":88,"column":12},"end":{"line":116,"column":null}},"line":88},"2":{"name":"(anonymous_2)","decl":{"start":{"line":109,"column":33},"end":{"line":109,"column":34}},"loc":{"start":{"line":110,"column":18},"end":{"line":113,"column":null}},"line":110}},"branchMap":{},"s":{"0":2,"1":2,"2":9,"3":36,"4":342},"f":{"0":9,"1":36,"2":342},"b":{},"meta":{"lastBranch":0,"lastFunction":3,"lastStatement":5,"seen":{"s:5:23:76:Infinity":0,"s:78:32:128:Infinity":1,"f:78:32:78:38":0,"s:79:2:126:Infinity":2,"f:87:30:87:31":1,"s:88:12:116:Infinity":3,"f:109:33:109:34":2,"s:110:18:113:Infinity":4}}}
,"/workspaces/portfolio-website/frontend/src/components/Footer.tsx": {"path":"/workspaces/portfolio-website/frontend/src/components/Footer.tsx","statementMap":{"0":{"start":{"line":14,"column":22},"end":{"line":142,"column":null}},"1":{"start":{"line":15,"column":8},"end":{"line":15,"column":null}},"2":{"start":{"line":16,"column":38},"end":{"line":16,"column":null}},"3":{"start":{"line":17,"column":38},"end":{"line":17,"column":null}},"4":{"start":{"line":18,"column":8},"end":{"line":18,"column":null}},"5":{"start":{"line":19,"column":27},"end":{"line":19,"column":null}},"6":{"start":{"line":22,"column":8},"end":{"line":31,"column":null}},"7":{"start":{"line":23,"column":4},"end":{"line":30,"column":null}},"8":{"start":{"line":24,"column":21},"end":{"line":24,"column":null}},"9":{"start":{"line":25,"column":6},"end":{"line":25,"column":null}},"10":{"start":{"line":26,"column":6},"end":{"line":26,"column":null}},"11":{"start":{"line":28,"column":6},"end":{"line":28,"column":null}},"12":{"start":{"line":29,"column":6},"end":{"line":29,"column":null}},"13":{"start":{"line":34,"column":8},"end":{"line":45,"column":null}},"14":{"start":{"line":35,"column":16},"end":{"line":35,"column":null}},"15":{"start":{"line":37,"column":4},"end":{"line":42,"column":null}},"16":{"start":{"line":41,"column":6},"end":{"line":41,"column":null}},"17":{"start":{"line":44,"column":4},"end":{"line":44,"column":null}},"18":{"start":{"line":48,"column":8},"end":{"line":55,"column":null}},"19":{"start":{"line":49,"column":4},"end":{"line":54,"column":null}},"20":{"start":{"line":50,"column":20},"end":{"line":50,"column":null}},"21":{"start":{"line":51,"column":6},"end":{"line":51,"column":null}},"22":{"start":{"line":53,"column":6},"end":{"line":53,"column":null}},"23":{"start":{"line":57,"column":2},"end":{"line":71,"column":null}},"24":{"start":{"line":59,"column":4},"end":{"line":63,"column":null}},"25":{"start":{"line":61,"column":6},"end":{"line":61,"column":null}},"26":{"start":{"line":62,"column":6},"end":{"line":62,"column":null}},"27":{"start":{"line":66,"column":27},"end":{"line":68,"column":null}},"28":{"start":{"line":67,"column":6},"end":{"line":67,"column":null}},"29":{"start":{"line":70,"column":4},"end":{"line":70,"column":null}},"30":{"start":{"line":70,"column":17},"end":{"line":70,"column":null}},"31":{"start":{"line":73,"column":2},"end":{"line":140,"column":null}}},"fnMap":{"0":{"name":"(anonymous_0)","decl":{"start":{"line":14,"column":22},"end":{"line":14,"column":28}},"loc":{"start":{"line":14,"column":28},"end":{"line":142,"column":null}},"line":14},"1":{"name":"(anonymous_1)","decl":{"start":{"line":22,"column":34},"end":{"line":22,"column":46}},"loc":{"start":{"line":22,"column":46},"end":{"line":31,"column":5}},"line":22},"2":{"name":"(anonymous_2)","decl":{"start":{"line":34,"column":43},"end":{"line":34,"column":55}},"loc":{"start":{"line":34,"column":55},"end":{"line":45,"column":5}},"line":34},"3":{"name":"(anonymous_3)","decl":{"start":{"line":48,"column":40},"end":{"line":48,"column":52}},"loc":{"start":{"line":48,"column":52},"end":{"line":55,"column":5}},"line":48},"4":{"name":"(anonymous_4)","decl":{"start":{"line":57,"column":12},"end":{"line":57,"column":18}},"loc":{"start":{"line":57,"column":18},"end":{"line":71,"column":5}},"line":57},"5":{"name":"(anonymous_5)","decl":{"start":{"line":59,"column":5},"end":{"line":59,"column":17}},"loc":{"start":{"line":59,"column":17},"end":{"line":63,"column":7}},"line":59},"6":{"name":"(anonymous_6)","decl":{"start":{"line":66,"column":39},"end":{"line":66,"column":45}},"loc":{"start":{"line":66,"column":45},"end":{"line":68,"column":7}},"line":66},"7":{"name":"(anonymous_7)","decl":{"start":{"line":70,"column":11},"end":{"line":70,"column":17}},"loc":{"start":{"line":70,"column":17},"end":{"line":70,"column":null}},"line":70}},"branchMap":{"0":{"loc":{"start":{"line":37,"column":4},"end":{"line":42,"column":null}},"type":"if","locations":[{"start":{"line":37,"column":4},"end":{"line":42,"column":null}},{"start":{},"end":{}}],"line":37},"1":{"loc":{"start":{"line":38,"column":6},"end":{"line":39,"column":null}},"type":"binary-expr","locations":[{"start":{"line":38,"column":6},"end":{"line":38,"column":null}},{"start":{"line":39,"column":6},"end":{"line":39,"column":null}}],"line":38},"2":{"loc":{"start":{"line":99,"column":13},"end":{"line":105,"column":null}},"type":"binary-expr","locations":[{"start":{"line":99,"column":13},"end":{"line":99,"column":null}},{"start":{"line":100,"column":14},"end":{"line":105,"column":null}}],"line":99},"3":{"loc":{"start":{"line":115,"column":18},"end":{"line":117,"column":null}},"type":"cond-expr","locations":[{"start":{"line":116,"column":22},"end":{"line":116,"column":null}},{"start":{"line":117,"column":22},"end":{"line":117,"column":null}}],"line":115},"4":{"loc":{"start":{"line":119,"column":23},"end":{"line":119,"column":null}},"type":"binary-expr","locations":[{"start":{"line":119,"column":23},"end":{"line":119,"column":50}},{"start":{"line":119,"column":50},"end":{"line":119,"column":null}}],"line":119},"5":{"loc":{"start":{"line":122,"column":17},"end":{"line":122,"column":null}},"type":"cond-expr","locations":[{"start":{"line":122,"column":49},"end":{"line":122,"column":58}},{"start":{"line":122,"column":58},"end":{"line":122,"column":null}}],"line":122}},"s":{"0":2,"1":7,"2":7,"3":7,"4":7,"5":7,"6":7,"7":7,"8":7,"9":2,"10":2,"11":5,"12":5,"13":7,"14":7,"15":7,"16":0,"17":7,"18":7,"19":7,"20":7,"21":2,"22":5,"23":7,"24":7,"25":7,"26":7,"27":7,"28":0,"29":7,"30":7,"31":7},"f":{"0":7,"1":7,"2":7,"3":7,"4":7,"5":7,"6":0,"7":7},"b":{"0":[0,7],"1":[7,0],"2":[7,0],"3":[0,7],"4":[7,7],"5":[0,7]},"meta":{"lastBranch":6,"lastFunction":8,"lastStatement":32,"seen":{"s:14:22:142:Infinity":0,"f:14:22:14:28":0,"s:15:8:15:Infinity":1,"s:16:38:16:Infinity":2,"s:17:38:17:Infinity":3,"s:18:8:18:Infinity":4,"s:19:27:19:Infinity":5,"s:22:8:31:Infinity":6,"f:22:34:22:46":1,"s:23:4:30:Infinity":7,"s:24:21:24:Infinity":8,"s:25:6:25:Infinity":9,"s:26:6:26:Infinity":10,"s:28:6:28:Infinity":11,"s:29:6:29:Infinity":12,"s:34:8:45:Infinity":13,"f:34:43:34:55":2,"s:35:16:35:Infinity":14,"b:37:4:42:Infinity:undefined:undefined:undefined:undefined":0,"s:37:4:42:Infinity":15,"b:38:6:38:Infinity:39:6:39:Infinity":1,"s:41:6:41:Infinity":16,"s:44:4:44:Infinity":17,"s:48:8:55:Infinity":18,"f:48:40:48:52":3,"s:49:4:54:Infinity":19,"s:50:20:50:Infinity":20,"s:51:6:51:Infinity":21,"s:53:6:53:Infinity":22,"s:57:2:71:Infinity":23,"f:57:12:57:18":4,"s:59:4:63:Infinity":24,"f:59:5:59:17":5,"s:61:6:61:Infinity":25,"s:62:6:62:Infinity":26,"s:66:27:68:Infinity":27,"f:66:39:66:45":6,"s:67:6:67:Infinity":28,"s:70:4:70:Infinity":29,"f:70:11:70:17":7,"s:70:17:70:Infinity":30,"s:73:2:140:Infinity":31,"b:99:13:99:Infinity:100:14:105:Infinity":2,"b:116:22:116:Infinity:117:22:117:Infinity":3,"b:119:23:119:50:119:50:119:Infinity":4,"b:122:49:122:58:122:58:122:Infinity":5}}}
,"/workspaces/portfolio-website/frontend/src/components/Hero.tsx": {"path":"/workspaces/portfolio-website/frontend/src/components/Hero.tsx","statementMap":{"0":{"start":{"line":3,"column":27},"end":{"line":57,"column":null}},"1":{"start":{"line":4,"column":2},"end":{"line":55,"column":null}}},"fnMap":{"0":{"name":"(anonymous_0)","decl":{"start":{"line":3,"column":27},"end":{"line":3,"column":33}},"loc":{"start":{"line":3,"column":33},"end":{"line":57,"column":null}},"line":3}},"branchMap":{},"s":{"0":2,"1":15},"f":{"0":15},"b":{},"meta":{"lastBranch":0,"lastFunction":1,"lastStatement":2,"seen":{"s:3:27:57:Infinity":0,"f:3:27:3:33":0,"s:4:2:55:Infinity":1}}}
,"/workspaces/portfolio-website/frontend/src/components/Navbar.tsx": {"path":"/workspaces/portfolio-website/frontend/src/components/Navbar.tsx","statementMap":{"0":{"start":{"line":6,"column":17},"end":{"line":14,"column":null}},"1":{"start":{"line":16,"column":22},"end":{"line":115,"column":null}},"2":{"start":{"line":17,"column":34},"end":{"line":17,"column":null}},"3":{"start":{"line":18,"column":34},"end":{"line":18,"column":null}},"4":{"start":{"line":20,"column":2},"end":{"line":27,"column":null}},"5":{"start":{"line":21,"column":25},"end":{"line":23,"column":null}},"6":{"start":{"line":22,"column":6},"end":{"line":22,"column":null}},"7":{"start":{"line":25,"column":4},"end":{"line":25,"column":null}},"8":{"start":{"line":26,"column":4},"end":{"line":26,"column":null}},"9":{"start":{"line":26,"column":17},"end":{"line":26,"column":null}},"10":{"start":{"line":29,"column":2},"end":{"line":38,"column":null}},"11":{"start":{"line":30,"column":4},"end":{"line":34,"column":null}},"12":{"start":{"line":31,"column":6},"end":{"line":31,"column":null}},"13":{"start":{"line":33,"column":6},"end":{"line":33,"column":null}},"14":{"start":{"line":35,"column":4},"end":{"line":37,"column":null}},"15":{"start":{"line":36,"column":6},"end":{"line":36,"column":null}},"16":{"start":{"line":40,"column":2},"end":{"line":113,"column":null}},"17":{"start":{"line":63,"column":12},"end":{"line":69,"column":null}},"18":{"start":{"line":80,"column":25},"end":{"line":80,"column":null}},"19":{"start":{"line":80,"column":49},"end":{"line":80,"column":54}},"20":{"start":{"line":98,"column":14},"end":{"line":105,"column":null}},"21":{"start":{"line":102,"column":31},"end":{"line":102,"column":null}}},"fnMap":{"0":{"name":"(anonymous_0)","decl":{"start":{"line":16,"column":22},"end":{"line":16,"column":28}},"loc":{"start":{"line":16,"column":28},"end":{"line":115,"column":null}},"line":16},"1":{"name":"(anonymous_1)","decl":{"start":{"line":20,"column":12},"end":{"line":20,"column":18}},"loc":{"start":{"line":20,"column":18},"end":{"line":27,"column":5}},"line":20},"2":{"name":"(anonymous_2)","decl":{"start":{"line":21,"column":25},"end":{"line":21,"column":31}},"loc":{"start":{"line":21,"column":31},"end":{"line":23,"column":null}},"line":21},"3":{"name":"(anonymous_3)","decl":{"start":{"line":26,"column":11},"end":{"line":26,"column":17}},"loc":{"start":{"line":26,"column":17},"end":{"line":26,"column":null}},"line":26},"4":{"name":"(anonymous_4)","decl":{"start":{"line":29,"column":12},"end":{"line":29,"column":18}},"loc":{"start":{"line":29,"column":18},"end":{"line":38,"column":5}},"line":29},"5":{"name":"(anonymous_5)","decl":{"start":{"line":35,"column":11},"end":{"line":35,"column":17}},"loc":{"start":{"line":35,"column":17},"end":{"line":37,"column":null}},"line":35},"6":{"name":"(anonymous_6)","decl":{"start":{"line":62,"column":24},"end":{"line":62,"column":25}},"loc":{"start":{"line":63,"column":12},"end":{"line":69,"column":null}},"line":63},"7":{"name":"(anonymous_7)","decl":{"start":{"line":80,"column":19},"end":{"line":80,"column":25}},"loc":{"start":{"line":80,"column":25},"end":{"line":80,"column":null}},"line":80},"8":{"name":"(anonymous_8)","decl":{"start":{"line":80,"column":39},"end":{"line":80,"column":40}},"loc":{"start":{"line":80,"column":49},"end":{"line":80,"column":54}},"line":80},"9":{"name":"(anonymous_9)","decl":{"start":{"line":97,"column":26},"end":{"line":97,"column":27}},"loc":{"start":{"line":98,"column":14},"end":{"line":105,"column":null}},"line":98},"10":{"name":"(anonymous_10)","decl":{"start":{"line":102,"column":25},"end":{"line":102,"column":31}},"loc":{"start":{"line":102,"column":31},"end":{"line":102,"column":null}},"line":102}},"branchMap":{"0":{"loc":{"start":{"line":30,"column":4},"end":{"line":34,"column":null}},"type":"if","locations":[{"start":{"line":30,"column":4},"end":{"line":34,"column":null}},{"start":{"line":32,"column":11},"end":{"line":34,"column":null}}],"line":30},"1":{"loc":{"start":{"line":44,"column":8},"end":{"line":46,"column":null}},"type":"cond-expr","locations":[{"start":{"line":45,"column":12},"end":{"line":45,"column":null}},{"start":{"line":46,"column":12},"end":{"line":46,"column":null}}],"line":44},"2":{"loc":{"start":{"line":82,"column":22},"end":{"line":82,"column":null}},"type":"cond-expr","locations":[{"start":{"line":82,"column":35},"end":{"line":82,"column":50}},{"start":{"line":82,"column":50},"end":{"line":82,"column":null}}],"line":82},"3":{"loc":{"start":{"line":84,"column":11},"end":{"line":84,"column":62}},"type":"cond-expr","locations":[{"start":{"line":84,"column":24},"end":{"line":84,"column":42}},{"start":{"line":84,"column":42},"end":{"line":84,"column":62}}],"line":84},"4":{"loc":{"start":{"line":91,"column":12},"end":{"line":93,"column":null}},"type":"cond-expr","locations":[{"start":{"line":92,"column":16},"end":{"line":92,"column":null}},{"start":{"line":93,"column":16},"end":{"line":93,"column":null}}],"line":91}},"s":{"0":2,"1":2,"2":18,"3":18,"4":18,"5":16,"6":0,"7":16,"8":16,"9":16,"10":18,"11":18,"12":1,"13":17,"14":18,"15":18,"16":18,"17":126,"18":1,"19":1,"20":126,"21":1},"f":{"0":18,"1":16,"2":0,"3":16,"4":18,"5":18,"6":126,"7":1,"8":1,"9":126,"10":1},"b":{"0":[1,17],"1":[0,18],"2":[1,17],"3":[1,17],"4":[1,17]},"meta":{"lastBranch":5,"lastFunction":11,"lastStatement":22,"seen":{"s:6:17:14:Infinity":0,"s:16:22:115:Infinity":1,"f:16:22:16:28":0,"s:17:34:17:Infinity":2,"s:18:34:18:Infinity":3,"s:20:2:27:Infinity":4,"f:20:12:20:18":1,"s:21:25:23:Infinity":5,"f:21:25:21:31":2,"s:22:6:22:Infinity":6,"s:25:4:25:Infinity":7,"s:26:4:26:Infinity":8,"f:26:11:26:17":3,"s:26:17:26:Infinity":9,"s:29:2:38:Infinity":10,"f:29:12:29:18":4,"b:30:4:34:Infinity:32:11:34:Infinity":0,"s:30:4:34:Infinity":11,"s:31:6:31:Infinity":12,"s:33:6:33:Infinity":13,"s:35:4:37:Infinity":14,"f:35:11:35:17":5,"s:36:6:36:Infinity":15,"s:40:2:113:Infinity":16,"b:45:12:45:Infinity:46:12:46:Infinity":1,"f:62:24:62:25":6,"s:63:12:69:Infinity":17,"f:80:19:80:25":7,"s:80:25:80:Infinity":18,"f:80:39:80:40":8,"s:80:49:80:54":19,"b:82:35:82:50:82:50:82:Infinity":2,"b:84:24:84:42:84:42:84:62":3,"b:92:16:92:Infinity:93:16:93:Infinity":4,"f:97:26:97:27":9,"s:98:14:105:Infinity":20,"f:102:25:102:31":10,"s:102:31:102:Infinity":21}}}
,"/workspaces/portfolio-website/frontend/src/components/NotFound.tsx": {"path":"/workspaces/portfolio-website/frontend/src/components/NotFound.tsx","statementMap":{"0":{"start":{"line":1,"column":24},"end":{"line":8,"column":null}},"1":{"start":{"line":2,"column":2},"end":{"line":6,"column":null}}},"fnMap":{"0":{"name":"(anonymous_0)","decl":{"start":{"line":1,"column":24},"end":{"line":1,"column":30}},"loc":{"start":{"line":1,"column":30},"end":{"line":8,"column":null}},"line":1}},"branchMap":{},"s":{"0":1,"1":2},"f":{"0":2},"b":{},"meta":{"lastBranch":0,"lastFunction":1,"lastStatement":2,"seen":{"s:1:24:8:Infinity":0,"f:1:24:1:30":0,"s:2:2:6:Infinity":1}}}
,"/workspaces/portfolio-website/frontend/src/components/Projects.tsx": {"path":"/workspaces/portfolio-website/frontend/src/components/Projects.tsx","statementMap":{"0":{"start":{"line":3,"column":17},"end":{"line":14,"column":null}},"1":{"start":{"line":16,"column":31},"end":{"line":98,"column":null}},"2":{"start":{"line":17,"column":2},"end":{"line":96,"column":null}},"3":{"start":{"line":35,"column":12},"end":{"line":82,"column":null}},"4":{"start":{"line":50,"column":20},"end":{"line":55,"column":null}}},"fnMap":{"0":{"name":"(anonymous_0)","decl":{"start":{"line":16,"column":31},"end":{"line":16,"column":37}},"loc":{"start":{"line":16,"column":37},"end":{"line":98,"column":null}},"line":16},"1":{"name":"(anonymous_1)","decl":{"start":{"line":34,"column":24},"end":{"line":34,"column":25}},"loc":{"start":{"line":35,"column":12},"end":{"line":82,"column":null}},"line":35},"2":{"name":"(anonymous_2)","decl":{"start":{"line":49,"column":36},"end":{"line":49,"column":37}},"loc":{"start":{"line":50,"column":20},"end":{"line":55,"column":null}},"line":50}},"branchMap":{},"s":{"0":2,"1":2,"2":16,"3":16,"4":64},"f":{"0":16,"1":16,"2":64},"b":{},"meta":{"lastBranch":0,"lastFunction":3,"lastStatement":5,"seen":{"s:3:17:14:Infinity":0,"s:16:31:98:Infinity":1,"f:16:31:16:37":0,"s:17:2:96:Infinity":2,"f:34:24:34:25":1,"s:35:12:82:Infinity":3,"f:49:36:49:37":2,"s:50:20:55:Infinity":4}}}
,"/workspaces/portfolio-website/frontend/src/components/Research.tsx": {"path":"/workspaces/portfolio-website/frontend/src/components/Research.tsx","statementMap":{"0":{"start":{"line":5,"column":23},"end":{"line":9,"column":null}},"1":{"start":{"line":12,"column":24},"end":{"line":23,"column":null}},"2":{"start":{"line":25,"column":31},"end":{"line":104,"column":null}},"3":{"start":{"line":26,"column":2},"end":{"line":102,"column":null}},"4":{"start":{"line":51,"column":12},"end":{"line":66,"column":null}},"5":{"start":{"line":76,"column":14},"end":{"line":85,"column":null}}},"fnMap":{"0":{"name":"(anonymous_0)","decl":{"start":{"line":25,"column":31},"end":{"line":25,"column":37}},"loc":{"start":{"line":25,"column":37},"end":{"line":104,"column":null}},"line":25},"1":{"name":"(anonymous_1)","decl":{"start":{"line":50,"column":30},"end":{"line":50,"column":31}},"loc":{"start":{"line":51,"column":12},"end":{"line":66,"column":null}},"line":51},"2":{"name":"(anonymous_2)","decl":{"start":{"line":75,"column":33},"end":{"line":75,"column":34}},"loc":{"start":{"line":76,"column":14},"end":{"line":85,"column":null}},"line":76}},"branchMap":{"0":{"loc":{"start":{"line":61,"column":26},"end":{"line":61,"column":null}},"type":"binary-expr","locations":[{"start":{"line":61,"column":26},"end":{"line":61,"column":41}},{"start":{"line":61,"column":41},"end":{"line":61,"column":null}}],"line":61}},"s":{"0":2,"1":2,"2":2,"3":10,"4":30,"5":100},"f":{"0":10,"1":30,"2":100},"b":{"0":[30,10]},"meta":{"lastBranch":1,"lastFunction":3,"lastStatement":6,"seen":{"s:5:23:9:Infinity":0,"s:12:24:23:Infinity":1,"s:25:31:104:Infinity":2,"f:25:31:25:37":0,"s:26:2:102:Infinity":3,"f:50:30:50:31":1,"s:51:12:66:Infinity":4,"b:61:26:61:41:61:41:61:Infinity":0,"f:75:33:75:34":2,"s:76:14:85:Infinity":5}}}
,"/workspaces/portfolio-website/frontend/src/components/Skills.tsx": {"path":"/workspaces/portfolio-website/frontend/src/components/Skills.tsx","statementMap":{"0":{"start":{"line":3,"column":17},"end":{"line":98,"column":null}},"1":{"start":{"line":100,"column":29},"end":{"line":148,"column":null}},"2":{"start":{"line":101,"column":2},"end":{"line":146,"column":null}},"3":{"start":{"line":122,"column":25},"end":{"line":122,"column":null}},"4":{"start":{"line":124,"column":12},"end":{"line":141,"column":null}},"5":{"start":{"line":133,"column":20},"end":{"line":138,"column":null}}},"fnMap":{"0":{"name":"(anonymous_0)","decl":{"start":{"line":100,"column":29},"end":{"line":100,"column":35}},"loc":{"start":{"line":100,"column":35},"end":{"line":148,"column":null}},"line":100},"1":{"name":"(anonymous_1)","decl":{"start":{"line":121,"column":24},"end":{"line":121,"column":25}},"loc":{"start":{"line":121,"column":44},"end":{"line":143,"column":11}},"line":121},"2":{"name":"(anonymous_2)","decl":{"start":{"line":132,"column":38},"end":{"line":132,"column":39}},"loc":{"start":{"line":133,"column":20},"end":{"line":138,"column":null}},"line":133}},"branchMap":{},"s":{"0":2,"1":2,"2":13,"3":78,"4":78,"5":754},"f":{"0":13,"1":78,"2":754},"b":{},"meta":{"lastBranch":0,"lastFunction":3,"lastStatement":6,"seen":{"s:3:17:98:Infinity":0,"s:100:29:148:Infinity":1,"f:100:29:100:35":0,"s:101:2:146:Infinity":2,"f:121:24:121:25":1,"s:122:25:122:Infinity":3,"s:124:12:141:Infinity":4,"f:132:38:132:39":2,"s:133:20:138:Infinity":5}}}
,"/workspaces/portfolio-website/frontend/src/components/StarBackground.tsx": {"path":"/workspaces/portfolio-website/frontend/src/components/StarBackground.tsx","statementMap":{"0":{"start":{"line":7,"column":20},"end":{"line":17,"column":null}},"1":{"start":{"line":8,"column":24},"end":{"line":8,"column":null}},"2":{"start":{"line":9,"column":2},"end":{"line":16,"column":null}},"3":{"start":{"line":9,"column":58},"end":{"line":16,"column":4}},"4":{"start":{"line":19,"column":22},"end":{"line":30,"column":null}},"5":{"start":{"line":20,"column":16},"end":{"line":20,"column":null}},"6":{"start":{"line":21,"column":26},"end":{"line":21,"column":null}},"7":{"start":{"line":22,"column":2},"end":{"line":29,"column":null}},"8":{"start":{"line":22,"column":60},"end":{"line":29,"column":4}},"9":{"start":{"line":32,"column":30},"end":{"line":86,"column":null}},"10":{"start":{"line":33,"column":24},"end":{"line":35,"column":null}},"11":{"start":{"line":34,"column":4},"end":{"line":34,"column":null}},"12":{"start":{"line":36,"column":16},"end":{"line":36,"column":null}},"13":{"start":{"line":36,"column":45},"end":{"line":36,"column":60}},"14":{"start":{"line":38,"column":2},"end":{"line":52,"column":null}},"15":{"start":{"line":40,"column":25},"end":{"line":46,"column":null}},"16":{"start":{"line":41,"column":6},"end":{"line":41,"column":null}},"17":{"start":{"line":42,"column":6},"end":{"line":45,"column":null}},"18":{"start":{"line":43,"column":6},"end":{"line":43,"column":null}},"19":{"start":{"line":44,"column":6},"end":{"line":44,"column":null}},"20":{"start":{"line":48,"column":4},"end":{"line":48,"column":null}},"21":{"start":{"line":49,"column":4},"end":{"line":51,"column":null}},"22":{"start":{"line":49,"column":18},"end":{"line":49,"column":null}},"23":{"start":{"line":50,"column":6},"end":{"line":50,"column":null}},"24":{"start":{"line":54,"column":2},"end":{"line":84,"column":null}},"25":{"start":{"line":57,"column":8},"end":{"line":68,"column":null}},"26":{"start":{"line":72,"column":8},"end":{"line":82,"column":null}}},"fnMap":{"0":{"name":"(anonymous_0)","decl":{"start":{"line":7,"column":20},"end":{"line":7,"column":21}},"loc":{"start":{"line":7,"column":63},"end":{"line":17,"column":null}},"line":7},"1":{"name":"(anonymous_1)","decl":{"start":{"line":9,"column":47},"end":{"line":9,"column":48}},"loc":{"start":{"line":9,"column":58},"end":{"line":16,"column":4}},"line":9},"2":{"name":"(anonymous_2)","decl":{"start":{"line":19,"column":22},"end":{"line":19,"column":38}},"loc":{"start":{"line":19,"column":38},"end":{"line":30,"column":null}},"line":19},"3":{"name":"(anonymous_3)","decl":{"start":{"line":22,"column":49},"end":{"line":22,"column":50}},"loc":{"start":{"line":22,"column":60},"end":{"line":29,"column":4}},"line":22},"4":{"name":"(anonymous_4)","decl":{"start":{"line":32,"column":30},"end":{"line":32,"column":36}},"loc":{"start":{"line":32,"column":36},"end":{"line":86,"column":null}},"line":32},"5":{"name":"(anonymous_5)","decl":{"start":{"line":33,"column":45},"end":{"line":33,"column":null}},"loc":{"start":{"line":34,"column":4},"end":{"line":34,"column":null}},"line":34},"6":{"name":"(anonymous_6)","decl":{"start":{"line":36,"column":39},"end":{"line":36,"column":45}},"loc":{"start":{"line":36,"column":45},"end":{"line":36,"column":60}},"line":36},"7":{"name":"(anonymous_7)","decl":{"start":{"line":38,"column":12},"end":{"line":38,"column":18}},"loc":{"start":{"line":38,"column":18},"end":{"line":52,"column":5}},"line":38},"8":{"name":"(anonymous_8)","decl":{"start":{"line":40,"column":25},"end":{"line":40,"column":31}},"loc":{"start":{"line":40,"column":31},"end":{"line":46,"column":null}},"line":40},"9":{"name":"(anonymous_9)","decl":{"start":{"line":42,"column":36},"end":{"line":42,"column":42}},"loc":{"start":{"line":42,"column":42},"end":{"line":45,"column":7}},"line":42},"10":{"name":"(anonymous_10)","decl":{"start":{"line":49,"column":11},"end":{"line":49,"column":17}},"loc":{"start":{"line":49,"column":17},"end":{"line":51,"column":null}},"line":49},"11":{"name":"(anonymous_11)","decl":{"start":{"line":56,"column":17},"end":{"line":56,"column":18}},"loc":{"start":{"line":57,"column":8},"end":{"line":68,"column":null}},"line":57},"12":{"name":"(anonymous_12)","decl":{"start":{"line":71,"column":19},"end":{"line":71,"column":20}},"loc":{"start":{"line":72,"column":8},"end":{"line":82,"column":null}},"line":72}},"branchMap":{"0":{"loc":{"start":{"line":20,"column":16},"end":{"line":20,"column":null}},"type":"cond-expr","locations":[{"start":{"line":20,"column":48},"end":{"line":20,"column":68}},{"start":{"line":20,"column":68},"end":{"line":20,"column":null}}],"line":20},"1":{"loc":{"start":{"line":34,"column":16},"end":{"line":34,"column":71}},"type":"cond-expr","locations":[{"start":{"line":34,"column":48},"end":{"line":34,"column":52}},{"start":{"line":34,"column":52},"end":{"line":34,"column":71}}],"line":34},"2":{"loc":{"start":{"line":34,"column":71},"end":{"line":34,"column":125}},"type":"cond-expr","locations":[{"start":{"line":34,"column":103},"end":{"line":34,"column":107}},{"start":{"line":34,"column":107},"end":{"line":34,"column":125}}],"line":34}},"s":{"0":2,"1":8,"2":8,"3":624,"4":2,"5":8,"6":8,"7":8,"8":80,"9":2,"10":8,"11":8,"12":8,"13":8,"14":8,"15":8,"16":0,"17":0,"18":0,"19":0,"20":8,"21":8,"22":8,"23":8,"24":8,"25":624,"26":80},"f":{"0":8,"1":624,"2":8,"3":80,"4":8,"5":8,"6":8,"7":8,"8":0,"9":0,"10":8,"11":624,"12":80},"b":{"0":[8,0],"1":[0,8],"2":[0,8]},"meta":{"lastBranch":3,"lastFunction":13,"lastStatement":27,"seen":{"s:7:20:17:Infinity":0,"f:7:20:7:21":0,"s:8:24:8:Infinity":1,"s:9:2:16:Infinity":2,"f:9:47:9:48":1,"s:9:58:16:4":3,"s:19:22:30:Infinity":4,"f:19:22:19:38":2,"s:20:16:20:Infinity":5,"b:20:48:20:68:20:68:20:Infinity":0,"s:21:26:21:Infinity":6,"s:22:2:29:Infinity":7,"f:22:49:22:50":3,"s:22:60:29:4":8,"s:32:30:86:Infinity":9,"f:32:30:32:36":4,"s:33:24:35:Infinity":10,"f:33:45:33:Infinity":5,"s:34:4:34:Infinity":11,"b:34:48:34:52:34:52:34:71":1,"b:34:103:34:107:34:107:34:125":2,"s:36:16:36:Infinity":12,"f:36:39:36:45":6,"s:36:45:36:60":13,"s:38:2:52:Infinity":14,"f:38:12:38:18":7,"s:40:25:46:Infinity":15,"f:40:25:40:31":8,"s:41:6:41:Infinity":16,"s:42:6:45:Infinity":17,"f:42:36:42:42":9,"s:43:6:43:Infinity":18,"s:44:6:44:Infinity":19,"s:48:4:48:Infinity":20,"s:49:4:51:Infinity":21,"f:49:11:49:17":10,"s:49:18:49:Infinity":22,"s:50:6:50:Infinity":23,"s:54:2:84:Infinity":24,"f:56:17:56:18":11,"s:57:8:68:Infinity":25,"f:71:19:71:20":12,"s:72:8:82:Infinity":26}}}
,"/workspaces/portfolio-website/frontend/src/components/StructuredData.tsx": {"path":"/workspaces/portfolio-website/frontend/src/components/StructuredData.tsx","statementMap":{"0":{"start":{"line":9,"column":30},"end":{"line":90,"column":null}},"1":{"start":{"line":11,"column":26},"end":{"line":40,"column":null}},"2":{"start":{"line":43,"column":23},"end":{"line":53,"column":null}},"3":{"start":{"line":56,"column":23},"end":{"line":68,"column":null}},"4":{"start":{"line":61,"column":30},"end":{"line":66,"column":null}},"5":{"start":{"line":70,"column":29},"end":{"line":73,"column":null}},"6":{"start":{"line":75,"column":2},"end":{"line":78,"column":null}}},"fnMap":{"0":{"name":"(anonymous_0)","decl":{"start":{"line":9,"column":30},"end":{"line":9,"column":36}},"loc":{"start":{"line":9,"column":36},"end":{"line":90,"column":null}},"line":9},"1":{"name":"(anonymous_1)","decl":{"start":{"line":61,"column":6},"end":{"line":61,"column":7}},"loc":{"start":{"line":61,"column":30},"end":{"line":66,"column":null}},"line":61}},"branchMap":{},"s":{"0":1,"1":5,"2":5,"3":5,"4":20,"5":5,"6":5},"f":{"0":5,"1":20},"b":{},"meta":{"lastBranch":0,"lastFunction":2,"lastStatement":7,"seen":{"s:9:30:90:Infinity":0,"f:9:30:9:36":0,"s:11:26:40:Infinity":1,"s:43:23:53:Infinity":2,"s:56:23:68:Infinity":3,"f:61:6:61:7":1,"s:61:30:66:Infinity":4,"s:70:29:73:Infinity":5,"s:75:2:78:Infinity":6}}}
,"/workspaces/portfolio-website/frontend/src/components/ThemeToggle.tsx": {"path":"/workspaces/portfolio-website/frontend/src/components/ThemeToggle.tsx","statementMap":{"0":{"start":{"line":5,"column":27},"end":{"line":72,"column":null}},"1":{"start":{"line":6,"column":34},"end":{"line":14,"column":null}},"2":{"start":{"line":8,"column":4},"end":{"line":12,"column":null}},"3":{"start":{"line":10,"column":26},"end":{"line":10,"column":null}},"4":{"start":{"line":11,"column":6},"end":{"line":11,"column":null}},"5":{"start":{"line":13,"column":4},"end":{"line":13,"column":null}},"6":{"start":{"line":16,"column":2},"end":{"line":24,"column":null}},"7":{"start":{"line":17,"column":4},"end":{"line":23,"column":null}},"8":{"start":{"line":18,"column":6},"end":{"line":18,"column":null}},"9":{"start":{"line":19,"column":6},"end":{"line":19,"column":null}},"10":{"start":{"line":21,"column":6},"end":{"line":21,"column":null}},"11":{"start":{"line":22,"column":6},"end":{"line":22,"column":null}},"12":{"start":{"line":26,"column":22},"end":{"line":28,"column":null}},"13":{"start":{"line":27,"column":4},"end":{"line":27,"column":null}},"14":{"start":{"line":27,"column":28},"end":{"line":27,"column":33}},"15":{"start":{"line":30,"column":2},"end":{"line":70,"column":null}}},"fnMap":{"0":{"name":"(anonymous_0)","decl":{"start":{"line":5,"column":27},"end":{"line":5,"column":33}},"loc":{"start":{"line":5,"column":33},"end":{"line":72,"column":null}},"line":5},"1":{"name":"(anonymous_1)","decl":{"start":{"line":6,"column":47},"end":{"line":6,"column":53}},"loc":{"start":{"line":6,"column":53},"end":{"line":14,"column":3}},"line":6},"2":{"name":"(anonymous_2)","decl":{"start":{"line":16,"column":12},"end":{"line":16,"column":18}},"loc":{"start":{"line":16,"column":18},"end":{"line":24,"column":5}},"line":16},"3":{"name":"(anonymous_3)","decl":{"start":{"line":26,"column":22},"end":{"line":26,"column":28}},"loc":{"start":{"line":26,"column":28},"end":{"line":28,"column":null}},"line":26},"4":{"name":"(anonymous_4)","decl":{"start":{"line":27,"column":18},"end":{"line":27,"column":19}},"loc":{"start":{"line":27,"column":28},"end":{"line":27,"column":33}},"line":27}},"branchMap":{"0":{"loc":{"start":{"line":8,"column":4},"end":{"line":12,"column":null}},"type":"if","locations":[{"start":{"line":8,"column":4},"end":{"line":12,"column":null}},{"start":{},"end":{}}],"line":8},"1":{"loc":{"start":{"line":17,"column":4},"end":{"line":23,"column":null}},"type":"if","locations":[{"start":{"line":17,"column":4},"end":{"line":23,"column":null}},{"start":{"line":20,"column":11},"end":{"line":23,"column":null}}],"line":17},"2":{"loc":{"start":{"line":53,"column":10},"end":{"line":55,"column":null}},"type":"cond-expr","locations":[{"start":{"line":54,"column":14},"end":{"line":54,"column":null}},{"start":{"line":55,"column":14},"end":{"line":55,"column":null}}],"line":53},"3":{"loc":{"start":{"line":58,"column":9},"end":{"line":67,"column":null}},"type":"cond-expr","locations":[{"start":{"line":59,"column":10},"end":{"line":62,"column":null}},{"start":{"line":64,"column":10},"end":{"line":67,"column":null}}],"line":58}},"s":{"0":3,"1":44,"2":36,"3":36,"4":36,"5":0,"6":44,"7":40,"8":3,"9":3,"10":37,"11":37,"12":44,"13":4,"14":4,"15":44},"f":{"0":44,"1":36,"2":40,"3":4,"4":4},"b":{"0":[36,0],"1":[3,37],"2":[3,41],"3":[3,41]},"meta":{"lastBranch":4,"lastFunction":5,"lastStatement":16,"seen":{"s:5:27:72:Infinity":0,"f:5:27:5:33":0,"s:6:34:14:Infinity":1,"f:6:47:6:53":1,"b:8:4:12:Infinity:undefined:undefined:undefined:undefined":0,"s:8:4:12:Infinity":2,"s:10:26:10:Infinity":3,"s:11:6:11:Infinity":4,"s:13:4:13:Infinity":5,"s:16:2:24:Infinity":6,"f:16:12:16:18":2,"b:17:4:23:Infinity:20:11:23:Infinity":1,"s:17:4:23:Infinity":7,"s:18:6:18:Infinity":8,"s:19:6:19:Infinity":9,"s:21:6:21:Infinity":10,"s:22:6:22:Infinity":11,"s:26:22:28:Infinity":12,"f:26:22:26:28":3,"s:27:4:27:Infinity":13,"f:27:18:27:19":4,"s:27:28:27:33":14,"s:30:2:70:Infinity":15,"b:54:14:54:Infinity:55:14:55:Infinity":2,"b:59:10:62:Infinity:64:10:67:Infinity":3}}}
,"/workspaces/portfolio-website/frontend/src/constants/llm-portfolio-metadata.ts": {"path":"/workspaces/portfolio-website/frontend/src/constants/llm-portfolio-metadata.ts","statementMap":{"0":{"start":{"line":7,"column":33},"end":{"line":308,"column":null}}},"fnMap":{},"branchMap":{},"s":{"0":1},"f":{},"b":{},"meta":{"lastBranch":0,"lastFunction":0,"lastStatement":1,"seen":{"s:7:33:308:Infinity":0}}}
,"/workspaces/portfolio-website/frontend/src/hooks/useRecordVisit.ts": {"path":"/workspaces/portfolio-website/frontend/src/hooks/useRecordVisit.ts","statementMap":{"0":{"start":{"line":8,"column":30},"end":{"line":20,"column":null}},"1":{"start":{"line":9,"column":2},"end":{"line":19,"column":null}},"2":{"start":{"line":10,"column":21},"end":{"line":16,"column":null}},"3":{"start":{"line":11,"column":6},"end":{"line":15,"column":null}},"4":{"start":{"line":12,"column":8},"end":{"line":12,"column":null}},"5":{"start":{"line":14,"column":8},"end":{"line":14,"column":null}},"6":{"start":{"line":18,"column":4},"end":{"line":18,"column":null}}},"fnMap":{"0":{"name":"(anonymous_0)","decl":{"start":{"line":8,"column":30},"end":{"line":8,"column":36}},"loc":{"start":{"line":8,"column":36},"end":{"line":20,"column":null}},"line":8},"1":{"name":"(anonymous_1)","decl":{"start":{"line":9,"column":12},"end":{"line":9,"column":18}},"loc":{"start":{"line":9,"column":18},"end":{"line":19,"column":5}},"line":9},"2":{"name":"(anonymous_2)","decl":{"start":{"line":10,"column":21},"end":{"line":10,"column":33}},"loc":{"start":{"line":10,"column":33},"end":{"line":16,"column":null}},"line":10}},"branchMap":{},"s":{"0":1,"1":4,"2":3,"3":3,"4":3,"5":1,"6":3},"f":{"0":4,"1":3,"2":3},"b":{},"meta":{"lastBranch":0,"lastFunction":3,"lastStatement":7,"seen":{"s:8:30:20:Infinity":0,"f:8:30:8:36":0,"s:9:2:19:Infinity":1,"f:9:12:9:18":1,"s:10:21:16:Infinity":2,"f:10:21:10:33":2,"s:11:6:15:Infinity":3,"s:12:8:12:Infinity":4,"s:14:8:14:Infinity":5,"s:18:4:18:Infinity":6}}}
,"/workspaces/portfolio-website/frontend/src/lib/utils.tsx": {"path":"/workspaces/portfolio-website/frontend/src/lib/utils.tsx","statementMap":{"0":{"start":{"line":4,"column":18},"end":{"line":6,"column":null}},"1":{"start":{"line":5,"column":2},"end":{"line":5,"column":null}}},"fnMap":{"0":{"name":"(anonymous_0)","decl":{"start":{"line":4,"column":18},"end":{"line":4,"column":22}},"loc":{"start":{"line":4,"column":47},"end":{"line":6,"column":null}},"line":4}},"branchMap":{},"s":{"0":5,"1":155},"f":{"0":155},"b":{},"meta":{"lastBranch":0,"lastFunction":1,"lastStatement":2,"seen":{"s:4:18:6:Infinity":0,"f:4:18:4:22":0,"s:5:2:5:Infinity":1}}}
,"/workspaces/portfolio-website/frontend/src/pages/Home.tsx": {"path":"/workspaces/portfolio-website/frontend/src/pages/Home.tsx","statementMap":{"0":{"start":{"line":15,"column":20},"end":{"line":37,"column":null}},"1":{"start":{"line":17,"column":2},"end":{"line":17,"column":null}},"2":{"start":{"line":19,"column":2},"end":{"line":35,"column":null}}},"fnMap":{"0":{"name":"(anonymous_0)","decl":{"start":{"line":15,"column":20},"end":{"line":15,"column":26}},"loc":{"start":{"line":15,"column":26},"end":{"line":37,"column":null}},"line":15}},"branchMap":{},"s":{"0":1,"1":5,"2":5},"f":{"0":5},"b":{},"meta":{"lastBranch":0,"lastFunction":1,"lastStatement":3,"seen":{"s:15:20:37:Infinity":0,"f:15:20:15:26":0,"s:17:2:17:Infinity":1,"s:19:2:35:Infinity":2}}}
,"/workspaces/portfolio-website/frontend/src/pages/NotFound.tsx": {"path":"/workspaces/portfolio-website/frontend/src/pages/NotFound.tsx","statementMap":{"0":{"start":{"line":1,"column":24},"end":{"line":8,"column":null}},"1":{"start":{"line":2,"column":2},"end":{"line":6,"column":null}}},"fnMap":{"0":{"name":"(anonymous_0)","decl":{"start":{"line":1,"column":24},"end":{"line":1,"column":30}},"loc":{"start":{"line":1,"column":30},"end":{"line":8,"column":null}},"line":1}},"branchMap":{},"s":{"0":1,"1":2},"f":{"0":2},"b":{},"meta":{"lastBranch":0,"lastFunction":1,"lastStatement":2,"seen":{"s:1:24:8:Infinity":0,"f:1:24:1:30":0,"s:2:2:6:Infinity":1}}}
,"/workspaces/portfolio-website/frontend/src/services/api.ts": {"path":"/workspaces/portfolio-website/frontend/src/services/api.ts","statementMap":{"0":{"start":{"line":3,"column":21},"end":{"line":3,"column":null}},"1":{"start":{"line":4,"column":24},"end":{"line":4,"column":null}},"2":{"start":{"line":10,"column":27},"end":{"line":31,"column":null}},"3":{"start":{"line":15,"column":2},"end":{"line":30,"column":null}},"4":{"start":{"line":16,"column":21},"end":{"line":22,"column":null}},"5":{"start":{"line":23,"column":4},"end":{"line":23,"column":null}},"6":{"start":{"line":26,"column":4},"end":{"line":28,"column":null}},"7":{"start":{"line":27,"column":6},"end":{"line":27,"column":null}},"8":{"start":{"line":29,"column":4},"end":{"line":29,"column":null}},"9":{"start":{"line":37,"column":27},"end":{"line":42,"column":null}},"10":{"start":{"line":38,"column":19},"end":{"line":40,"column":null}},"11":{"start":{"line":41,"column":2},"end":{"line":41,"column":null}},"12":{"start":{"line":55,"column":27},"end":{"line":60,"column":null}},"13":{"start":{"line":56,"column":19},"end":{"line":58,"column":null}},"14":{"start":{"line":59,"column":2},"end":{"line":59,"column":null}},"15":{"start":{"line":62,"column":31},"end":{"line":67,"column":null}},"16":{"start":{"line":63,"column":19},"end":{"line":65,"column":null}},"17":{"start":{"line":66,"column":2},"end":{"line":66,"column":null}}},"fnMap":{"0":{"name":"(anonymous_0)","decl":{"start":{"line":10,"column":27},"end":{"line":10,"column":34}},"loc":{"start":{"line":14,"column":6},"end":{"line":31,"column":null}},"line":14},"1":{"name":"(anonymous_1)","decl":{"start":{"line":37,"column":27},"end":{"line":37,"column":39}},"loc":{"start":{"line":37,"column":39},"end":{"line":42,"column":null}},"line":37},"2":{"name":"(anonymous_2)","decl":{"start":{"line":55,"column":27},"end":{"line":55,"column":62}},"loc":{"start":{"line":55,"column":62},"end":{"line":60,"column":null}},"line":55},"3":{"name":"(anonymous_3)","decl":{"start":{"line":62,"column":31},"end":{"line":62,"column":66}},"loc":{"start":{"line":62,"column":66},"end":{"line":67,"column":null}},"line":62}},"branchMap":{"0":{"loc":{"start":{"line":3,"column":21},"end":{"line":3,"column":null}},"type":"binary-expr","locations":[{"start":{"line":3,"column":21},"end":{"line":3,"column":58}},{"start":{"line":3,"column":58},"end":{"line":3,"column":null}}],"line":3},"1":{"loc":{"start":{"line":26,"column":4},"end":{"line":28,"column":null}},"type":"if","locations":[{"start":{"line":26,"column":4},"end":{"line":28,"column":null}},{"start":{},"end":{}}],"line":26},"2":{"loc":{"start":{"line":26,"column":8},"end":{"line":26,"column":66}},"type":"binary-expr","locations":[{"start":{"line":26,"column":8},"end":{"line":26,"column":37}},{"start":{"line":26,"column":37},"end":{"line":26,"column":66}}],"line":26}},"s":{"0":2,"1":2,"2":2,"3":3,"4":3,"5":1,"6":2,"7":1,"8":1,"9":2,"10":6,"11":1,"12":2,"13":1,"14":1,"15":2,"16":6,"17":1},"f":{"0":3,"1":6,"2":1,"3":6},"b":{"0":[2,2],"1":[1,1],"2":[2,2]},"meta":{"lastBranch":3,"lastFunction":4,"lastStatement":18,"seen":{"s:3:21:3:Infinity":0,"b:3:21:3:58:3:58:3:Infinity":0,"s:4:24:4:Infinity":1,"s:10:27:31:Infinity":2,"f:10:27:10:34":0,"s:15:2:30:Infinity":3,"s:16:21:22:Infinity":4,"s:23:4:23:Infinity":5,"b:26:4:28:Infinity:undefined:undefined:undefined:undefined":1,"s:26:4:28:Infinity":6,"b:26:8:26:37:26:37:26:66":2,"s:27:6:27:Infinity":7,"s:29:4:29:Infinity":8,"s:37:27:42:Infinity":9,"f:37:27:37:39":1,"s:38:19:40:Infinity":10,"s:41:2:41:Infinity":11,"s:55:27:60:Infinity":12,"f:55:27:55:62":2,"s:56:19:58:Infinity":13,"s:59:2:59:Infinity":14,"s:62:31:67:Infinity":15,"f:62:31:62:66":3,"s:63:19:65:Infinity":16,"s:66:2:66:Infinity":17}}}
}
